Arguments: 
  C:\Program Files\nodejs\node.exe C:\Program Files (x86)\Yarn\bin\yarn.js add yandex-map-react

PATH: 
  C:\Windows\system32;C:\Windows;C:\Windows\System32\Wbem;C:\Windows\System32\WindowsPowerShell\v1.0\;C:\Windows\System32\OpenSSH\;C:\Program Files\Git\cmd;C:\Program Files (x86)\Yarn\bin\;C:\Program Files\nodejs\;C:\Program Files\OpenJDK\jre-11.0.8.10-hotspot\bin;C:\Users\User\AppData\Local\Android\Sdk\platform-tools;C:\Ruby26\bin;C:\Users\User\AppData\Local\Microsoft\WindowsApps;C:\Users\User\AppData\Local\Yarn\bin;C:\Program Files\JetBrains\PyCharm 2021.2.2\bin;;C:\Users\User\Downloads\platform-tools_r31.0.3-windows\platform-tools;C:\Users\User;C:\Users\User\AppData\Roaming\npm;C:\Users\User\AppData\Local\Android\Sdk\tools\bin;C:\Users\User\AppData\Local\Android\Sdk\platform-tools;C:\Users\User\AppData\Local\Android\Sdk\tools;;C:\Users\User\AppData\Local\Programs\Microsoft VS Code\bin

Yarn version: 
  1.22.5

Node version: 
  16.13.0

Platform: 
  win32 x64

Trace: 
  Error: EPERM: operation not permitted, unlink 'C:\Users\User\Desktop\max-way\node_modules\esbuild-windows-64\esbuild.exe'

npm manifest: 
  {
    "name": "max-way",
    "version": "0.0.0",
    "scripts": {
      "dev": "vite",
      "build": "tsc && vite build",
      "preview": "vite preview"
    },
    "dependencies": {
      "axios": "^0.27.2",
      "bootstrap": "^5.1.3",
      "bootstrap-icons": "^1.8.3",
      "moment": "^2.29.4",
      "node-sass": "^7.0.1",
      "rc-time-picker": "^3.7.3",
      "react": "^17.0.2",
      "react-bootstrap": "^2.4.0",
      "react-dom": "^17.0.2",
      "react-phone-number-input": "^3.2.6",
      "react-responsive-modal": "^6.2.0",
      "react-router-dom": "^6.3.0",
      "react-scrollspy": "^3.4.3",
      "react-slick": "^0.29.0",
      "react-time-picker": "^4.5.0",
      "react-toastify": "^9.0.5",
      "sass": "^1.53.0",
      "uuid": "^8.3.2"
    },
    "devDependencies": {
      "@types/react": "^17.0.33",
      "@types/react-dom": "^17.0.10",
      "@vitejs/plugin-react": "^1.0.7",
      "typescript": "^4.4.4",
      "vite": "^2.7.2"
    }
  }

yarn manifest: 
  No manifest

Lockfile: 
  No lockfile
